The following modules were not unloaded:
  (Use "module --force purge" to unload all):

  1) nvidia/.latest   2) slurm/.latest
Lmod has detected the following error: The following module(s) are unknown:
"anaconda3/2021.05"

Please check the spelling or version number. Also try "module spider ..."
It is also possible your cache file is out-of-date; it may help to try:
  $ module --ignore_cache load "anaconda3/2021.05"

Also make sure that all modulefiles written in TCL start with the string
#%Module



/home/vdimarco/.setup_enterprise_ptasim: line 22: conda: command not found
Lmod has detected the following error: The following module(s) are unknown:
"tempo2/0759584"

Please check the spelling or version number. Also try "module spider ..."
It is also possible your cache file is out-of-date; it may help to try:
  $ module --ignore_cache load "tempo2/0759584"

Also make sure that all modulefiles written in TCL start with the string
#%Module



Traceback (most recent call last):
  File "/fred/oz002/vdimarco/jumps/jumps_or_no_jumps/sims/final_small_jumps_norednoise/output/real_65/calculate_OS_parallel_all_small.py", line 3, in <module>
    import matplotlib.pyplot as plt
ModuleNotFoundError: No module named 'matplotlib'
