The following modules were not unloaded:
  (Use "module --force purge" to unload all):

  1) slurm/.latest   2) nvidia/.latest
WARNING: AstropyDeprecationWarning: The private astropy._erfa module has been made into its own package, pyerfa, which is a dependency of astropy and can be imported directly using "import erfa" [astropy._erfa]
[tempo2Util.C:396] Warning: [TIM1] Please place MODE flags in the parameter file 
[tabulatedfunction.C:84] Warning: Error parsing file /apps/users/pulsar/skylake/software/tempo2/0759584/clock/ao2nist.clk: Entry 967 out of order 49528.100000 < 49685.390000
[tabulatedfunction.C:84] Warning: Error parsing file /apps/users/pulsar/skylake/software/tempo2/0759584/clock/ced2gps.clk: Entry 577 out of order 54102.000000 < 54466.996094
[tabulatedfunction.C:84] Warning: Error parsing file /apps/users/pulsar/skylake/software/tempo2/0759584/clock/ced2gps.clk: Entry 1154 out of order 54103.000000 < 54467.996094
[tabulatedfunction.C:84] Warning: Error parsing file /apps/users/pulsar/skylake/software/tempo2/0759584/clock/ced2gps.clk: Entry 1731 out of order 54104.000000 < 54468.996094
[tabulatedfunction.C:84] Warning: Error parsing file /apps/users/pulsar/skylake/software/tempo2/0759584/clock/ced2gps.clk: Entry 2308 out of order 54105.000000 < 54469.996094
[tabulatedfunction.C:84] Warning: Error parsing file /apps/users/pulsar/skylake/software/tempo2/0759584/clock/ced2gps.clk: Entry 2885 out of order 54106.000000 < 54470.996094
[tabulatedfunction.C:84] Warning: Error parsing file /apps/users/pulsar/skylake/software/tempo2/0759584/clock/ced2gps.clk: Entry 3462 out of order 54107.000000 < 54471.996094
[tabulatedfunction.C:84] Warning: Error parsing file /apps/users/pulsar/skylake/software/tempo2/0759584/clock/ced2gps.clk: Entry 4039 out of order 54108.000000 < 54472.996094
[tabulatedfunction.C:84] Warning: Error parsing file /apps/users/pulsar/skylake/software/tempo2/0759584/clock/ced2gps.clk: Entry 4616 out of order 54109.000000 < 54473.996094
[tabulatedfunction.C:84] Warning: Error parsing file /apps/users/pulsar/skylake/software/tempo2/0759584/clock/ced2gps.clk: Entry 5193 out of order 54110.000000 < 54474.996094
[tabulatedfunction.C:84] Warning: Error parsing file /apps/users/pulsar/skylake/software/tempo2/0759584/clock/ced2gps.clk: Entry 5770 out of order 54111.000000 < 54475.996094
[tabulatedfunction.C:84] Warning: Error parsing file /apps/users/pulsar/skylake/software/tempo2/0759584/clock/ced2gps.clk: Entry 6347 out of order 54112.000000 < 54476.996094
[tabulatedfunction.C:84] Warning: Error parsing file /apps/users/pulsar/skylake/software/tempo2/0759584/clock/ced2gps.clk: Entry 6924 out of order 54113.000000 < 54477.996094
[tabulatedfunction.C:84] Warning: Error parsing file /apps/users/pulsar/skylake/software/tempo2/0759584/clock/ced2gps.clk: Entry 7501 out of order 54114.000000 < 54478.996094
[tabulatedfunction.C:84] Warning: Error parsing file /apps/users/pulsar/skylake/software/tempo2/0759584/clock/ced2gps.clk: Entry 8078 out of order 54115.000000 < 54479.996094
[tabulatedfunction.C:84] Warning: Error parsing file /apps/users/pulsar/skylake/software/tempo2/0759584/clock/ced2gps.clk: Entry 8655 out of order 54116.000000 < 54480.996094
[tabulatedfunction.C:84] Warning: Error parsing file /apps/users/pulsar/skylake/software/tempo2/0759584/clock/ced2gps.clk: Entry 9232 out of order 54117.000000 < 54481.996094
[tabulatedfunction.C:84] Warning: Error parsing file /apps/users/pulsar/skylake/software/tempo2/0759584/clock/ced2gps.clk: Entry 9809 out of order 54118.000000 < 54482.996094
[tabulatedfunction.C:84] Warning: Error parsing file /apps/users/pulsar/skylake/software/tempo2/0759584/clock/ced2gps.clk: Entry 10386 out of order 54119.000000 < 54483.996094
[tabulatedfunction.C:84] Warning: Error parsing file /apps/users/pulsar/skylake/software/tempo2/0759584/clock/ced2gps.clk: Entry 10963 out of order 54120.000000 < 54484.996094
[tabulatedfunction.C:84] Warning: Error parsing file /apps/users/pulsar/skylake/software/tempo2/0759584/clock/ced2gps.clk: Entry 11540 out of order 54121.000000 < 54485.996094
[tabulatedfunction.C:84] Warning: Error parsing file /apps/users/pulsar/skylake/software/tempo2/0759584/clock/ced2gps.clk: Entry 12117 out of order 54122.000000 < 54486.996094
[tabulatedfunction.C:84] Warning: Error parsing file /apps/users/pulsar/skylake/software/tempo2/0759584/clock/ced2gps.clk: Entry 12694 out of order 54123.000000 < 54487.996094
[tabulatedfunction.C:84] Warning: Error parsing file /apps/users/pulsar/skylake/software/tempo2/0759584/clock/ced2gps.clk: Entry 13271 out of order 54124.000000 < 54488.996094
[tabulatedfunction.C:84] Warning: Error parsing file /apps/users/pulsar/skylake/software/tempo2/0759584/clock/ced2gps.clk: Entry 13848 out of order 54125.000000 < 54489.996094
[tabulatedfunction.C:84] Warning: Error parsing file /apps/users/pulsar/skylake/software/tempo2/0759584/clock/ced2gps.clk: Entry 14425 out of order 54126.000000 < 54490.996094
[tabulatedfunction.C:84] Warning: Error parsing file /apps/users/pulsar/skylake/software/tempo2/0759584/clock/ced2gps.clk: Entry 15002 out of order 54127.000000 < 54491.996094
[tabulatedfunction.C:84] Warning: Error parsing file /apps/users/pulsar/skylake/software/tempo2/0759584/clock/ced2gps.clk: Entry 15579 out of order 54128.000000 < 54492.996094
[tabulatedfunction.C:84] Warning: Error parsing file /apps/users/pulsar/skylake/software/tempo2/0759584/clock/ced2gps.clk: Entry 16156 out of order 54129.000000 < 54493.996094
[tabulatedfunction.C:84] Warning: Error parsing file /apps/users/pulsar/skylake/software/tempo2/0759584/clock/ced2gps.clk: Entry 16733 out of order 54130.000000 < 54494.996094
[tabulatedfunction.C:84] Warning: Error parsing file /apps/users/pulsar/skylake/software/tempo2/0759584/clock/ced2gps.clk: Entry 17310 out of order 54131.000000 < 54495.996094
[tabulatedfunction.C:84] Warning: Error parsing file /apps/users/pulsar/skylake/software/tempo2/0759584/clock/ced2gps.clk: Entry 17887 out of order 54132.000000 < 54496.996094
[tabulatedfunction.C:84] Warning: Error parsing file /apps/users/pulsar/skylake/software/tempo2/0759584/clock/ced2gps.clk: Entry 18464 out of order 54133.000000 < 54497.996094
[tabulatedfunction.C:84] Warning: Error parsing file /apps/users/pulsar/skylake/software/tempo2/0759584/clock/ced2gps.clk: Entry 19041 out of order 54134.000000 < 54498.996094
[tabulatedfunction.C:84] Warning: Error parsing file /apps/users/pulsar/skylake/software/tempo2/0759584/clock/ced2gps.clk: Entry 19618 out of order 54135.000000 < 54499.996094
[tabulatedfunction.C:84] Warning: Error parsing file /apps/users/pulsar/skylake/software/tempo2/0759584/clock/ced2gps.clk: Entry 20195 out of order 54136.000000 < 54500.996094
[tabulatedfunction.C:84] Warning: Error parsing file /apps/users/pulsar/skylake/software/tempo2/0759584/clock/ced2gps.clk: Entry 20772 out of order 54137.000000 < 54501.996094
[tabulatedfunction.C:84] Warning: Error parsing file /apps/users/pulsar/skylake/software/tempo2/0759584/clock/ced2gps.clk: Entry 21349 out of order 54138.000000 < 54502.996094
[tabulatedfunction.C:84] Warning: Error parsing file /apps/users/pulsar/skylake/software/tempo2/0759584/clock/ced2gps.clk: Entry 21926 out of order 54139.000000 < 54503.996094
[tabulatedfunction.C:84] Warning: Error parsing file /apps/users/pulsar/skylake/software/tempo2/0759584/clock/ced2gps.clk: Entry 22503 out of order 54140.000000 < 54504.996094
[tabulatedfunction.C:84] Warning: Error parsing file /apps/users/pulsar/skylake/software/tempo2/0759584/clock/ced2gps.clk: Entry 23080 out of order 54141.000000 < 54505.996094
[tabulatedfunction.C:84] Warning: Error parsing file /apps/users/pulsar/skylake/software/tempo2/0759584/clock/ced2gps.clk: Entry 23657 out of order 54142.000000 < 54506.996094
[tabulatedfunction.C:84] Warning: Error parsing file /apps/users/pulsar/skylake/software/tempo2/0759584/clock/ced2gps.clk: Entry 24234 out of order 54143.000000 < 54507.996094
[tabulatedfunction.C:84] Warning: Error parsing file /apps/users/pulsar/skylake/software/tempo2/0759584/clock/ced2gps.clk: Entry 24763 out of order 54144.171875 < 54508.996094
[tabulatedfunction.C:84] Warning: Error parsing file /apps/users/pulsar/skylake/software/tempo2/0759584/clock/ced2gps.clk: Entry 25290 out of order 54145.000000 < 54509.996094
[tabulatedfunction.C:84] Warning: Error parsing file /apps/users/pulsar/skylake/software/tempo2/0759584/clock/ced2gps.clk: Entry 25867 out of order 54146.000000 < 54510.996094
[tabulatedfunction.C:84] Warning: Error parsing file /apps/users/pulsar/skylake/software/tempo2/0759584/clock/ced2gps.clk: Entry 26444 out of order 54147.000000 < 54511.996094
[tabulatedfunction.C:84] Warning: Error parsing file /apps/users/pulsar/skylake/software/tempo2/0759584/clock/ced2gps.clk: Entry 27021 out of order 54148.000000 < 54512.996094
[tabulatedfunction.C:84] Warning: Error parsing file /apps/users/pulsar/skylake/software/tempo2/0759584/clock/ced2gps.clk: Entry 27598 out of order 54149.000000 < 54513.996094
[tabulatedfunction.C:84] Warning: Error parsing file /apps/users/pulsar/skylake/software/tempo2/0759584/clock/ced2gps.clk: Entry 28175 out of order 54150.000000 < 54514.996094
[tabulatedfunction.C:84] Warning: Error parsing file /apps/users/pulsar/skylake/software/tempo2/0759584/clock/ced2gps.clk: Entry 28752 out of order 54151.000000 < 54515.996094
[tabulatedfunction.C:84] Warning: Error parsing file /apps/users/pulsar/skylake/software/tempo2/0759584/clock/ced2gps.clk: Entry 29329 out of order 54152.000000 < 54516.996094
[tabulatedfunction.C:84] Warning: Error parsing file /apps/users/pulsar/skylake/software/tempo2/0759584/clock/ced2gps.clk: Entry 29906 out of order 54153.000000 < 54517.996094
[tabulatedfunction.C:84] Warning: Error parsing file /apps/users/pulsar/skylake/software/tempo2/0759584/clock/ced2gps.clk: Entry 30483 out of order 54154.000000 < 54518.996094
[tabulatedfunction.C:84] Warning: Error parsing file /apps/users/pulsar/skylake/software/tempo2/0759584/clock/ced2gps.clk: Entry 31060 out of order 54155.000000 < 54519.996094
[tabulatedfunction.C:84] Warning: Error parsing file /apps/users/pulsar/skylake/software/tempo2/0759584/clock/ced2gps.clk: Entry 31637 out of order 54156.000000 < 54520.996094
[tabulatedfunction.C:84] Warning: Error parsing file /apps/users/pulsar/skylake/software/tempo2/0759584/clock/ced2gps.clk: Entry 32214 out of order 54157.000000 < 54521.996094
[tabulatedfunction.C:84] Warning: Error parsing file /apps/users/pulsar/skylake/software/tempo2/0759584/clock/ced2gps.clk: Entry 32791 out of order 54158.000000 < 54522.996094
[tabulatedfunction.C:84] Warning: Error parsing file /apps/users/pulsar/skylake/software/tempo2/0759584/clock/ced2gps.clk: Entry 33368 out of order 54159.000000 < 54523.996094
[tabulatedfunction.C:84] Warning: Error parsing file /apps/users/pulsar/skylake/software/tempo2/0759584/clock/ced2gps.clk: Entry 33945 out of order 54160.000000 < 54524.996094
[tabulatedfunction.C:84] Warning: Error parsing file /apps/users/pulsar/skylake/software/tempo2/0759584/clock/ced2gps.clk: Entry 34522 out of order 54161.000000 < 54525.996094
[tabulatedfunction.C:84] Warning: Error parsing file /apps/users/pulsar/skylake/software/tempo2/0759584/clock/ced2gps.clk: Entry 35099 out of order 54162.000000 < 54526.996094
[tabulatedfunction.C:84] Warning: Error parsing file /apps/users/pulsar/skylake/software/tempo2/0759584/clock/ced2gps.clk: Entry 35676 out of order 54163.000000 < 54527.996094
[tabulatedfunction.C:84] Warning: Error parsing file /apps/users/pulsar/skylake/software/tempo2/0759584/clock/ced2gps.clk: Entry 36253 out of order 54164.000000 < 54528.996094
[tabulatedfunction.C:84] Warning: Error parsing file /apps/users/pulsar/skylake/software/tempo2/0759584/clock/ced2gps.clk: Entry 36830 out of order 54165.000000 < 54529.996094
[tabulatedfunction.C:84] Warning: Error parsing file /apps/users/pulsar/skylake/software/tempo2/0759584/clock/ced2gps.clk: Entry 37407 out of order 54166.000000 < 54530.996094
[tabulatedfunction.C:84] Warning: Error parsing file /apps/users/pulsar/skylake/software/tempo2/0759584/clock/ced2gps.clk: Entry 37984 out of order 54167.000000 < 54531.996094
[tabulatedfunction.C:84] Warning: Error parsing file /apps/users/pulsar/skylake/software/tempo2/0759584/clock/ced2gps.clk: Entry 38561 out of order 54168.000000 < 54532.996094
[tabulatedfunction.C:84] Warning: Error parsing file /apps/users/pulsar/skylake/software/tempo2/0759584/clock/ced2gps.clk: Entry 39138 out of order 54169.000000 < 54533.996094
[tabulatedfunction.C:84] Warning: Error parsing file /apps/users/pulsar/skylake/software/tempo2/0759584/clock/ced2gps.clk: Entry 39715 out of order 54170.000000 < 54534.996094
[tabulatedfunction.C:84] Warning: Error parsing file /apps/users/pulsar/skylake/software/tempo2/0759584/clock/ced2gps.clk: Entry 40292 out of order 54171.000000 < 54535.996094
[tabulatedfunction.C:84] Warning: Error parsing file /apps/users/pulsar/skylake/software/tempo2/0759584/clock/ced2gps.clk: Entry 40869 out of order 54172.000000 < 54536.996094
[tabulatedfunction.C:84] Warning: Error parsing file /apps/users/pulsar/skylake/software/tempo2/0759584/clock/ced2gps.clk: Entry 41446 out of order 54173.000000 < 54537.996094
[tabulatedfunction.C:84] Warning: Error parsing file /apps/users/pulsar/skylake/software/tempo2/0759584/clock/ced2gps.clk: Entry 42023 out of order 54174.000000 < 54538.996094
[tabulatedfunction.C:84] Warning: Error parsing file /apps/users/pulsar/skylake/software/tempo2/0759584/clock/ced2gps.clk: Entry 42600 out of order 54175.000000 < 54539.996094
[tabulatedfunction.C:84] Warning: Error parsing file /apps/users/pulsar/skylake/software/tempo2/0759584/clock/ced2gps.clk: Entry 43177 out of order 54176.000000 < 54540.996094
[tabulatedfunction.C:84] Warning: Error parsing file /apps/users/pulsar/skylake/software/tempo2/0759584/clock/ced2gps.clk: Entry 43754 out of order 54177.000000 < 54541.996094
[tabulatedfunction.C:84] Warning: Error parsing file /apps/users/pulsar/skylake/software/tempo2/0759584/clock/ced2gps.clk: Entry 44331 out of order 54178.000000 < 54542.996094
[tabulatedfunction.C:84] Warning: Error parsing file /apps/users/pulsar/skylake/software/tempo2/0759584/clock/ced2gps.clk: Entry 44908 out of order 54179.000000 < 54543.996094
[tabulatedfunction.C:84] Warning: Error parsing file /apps/users/pulsar/skylake/software/tempo2/0759584/clock/ced2gps.clk: Entry 45485 out of order 54180.000000 < 54544.996094
[tabulatedfunction.C:84] Warning: Error parsing file /apps/users/pulsar/skylake/software/tempo2/0759584/clock/ced2gps.clk: Entry 46062 out of order 54181.000000 < 54545.996094
[tabulatedfunction.C:84] Warning: Error parsing file /apps/users/pulsar/skylake/software/tempo2/0759584/clock/ced2gps.clk: Entry 46639 out of order 54182.000000 < 54546.996094
[tabulatedfunction.C:84] Warning: Error parsing file /apps/users/pulsar/skylake/software/tempo2/0759584/clock/ced2gps.clk: Entry 47216 out of order 54183.000000 < 54547.996094
[tabulatedfunction.C:84] Warning: Error parsing file /apps/users/pulsar/skylake/software/tempo2/0759584/clock/ced2gps.clk: Entry 47793 out of order 54184.000000 < 54548.996094
[tabulatedfunction.C:84] Warning: Error parsing file /apps/users/pulsar/skylake/software/tempo2/0759584/clock/ced2gps.clk: Entry 48370 out of order 54185.000000 < 54549.996094
[tabulatedfunction.C:84] Warning: Error parsing file /apps/users/pulsar/skylake/software/tempo2/0759584/clock/ced2gps.clk: Entry 48947 out of order 54186.000000 < 54550.996094
[tabulatedfunction.C:84] Warning: Error parsing file /apps/users/pulsar/skylake/software/tempo2/0759584/clock/ced2gps.clk: Entry 49524 out of order 54187.000000 < 54551.996094
[tabulatedfunction.C:84] Warning: Error parsing file /apps/users/pulsar/skylake/software/tempo2/0759584/clock/ced2gps.clk: Entry 50101 out of order 54188.000000 < 54552.996094
[tabulatedfunction.C:84] Warning: Error parsing file /apps/users/pulsar/skylake/software/tempo2/0759584/clock/ced2gps.clk: Entry 50678 out of order 54189.000000 < 54553.996094
[tabulatedfunction.C:84] Warning: Error parsing file /apps/users/pulsar/skylake/software/tempo2/0759584/clock/ced2gps.clk: Entry 51255 out of order 54190.000000 < 54554.996094
[tabulatedfunction.C:84] Warning: Error parsing file /apps/users/pulsar/skylake/software/tempo2/0759584/clock/ced2gps.clk: Entry 51832 out of order 54191.000000 < 54555.996094
[tabulatedfunction.C:84] Warning: Error parsing file /apps/users/pulsar/skylake/software/tempo2/0759584/clock/ced2gps.clk: Entry 52409 out of order 54192.000000 < 54556.996094
[tabulatedfunction.C:84] Warning: Error parsing file /apps/users/pulsar/skylake/software/tempo2/0759584/clock/ced2gps.clk: Entry 52986 out of order 54193.000000 < 54557.996094
[tabulatedfunction.C:84] Warning: Error parsing file /apps/users/pulsar/skylake/software/tempo2/0759584/clock/ced2gps.clk: Entry 53563 out of order 54194.000000 < 54558.996094
[tabulatedfunction.C:84] Warning: Error parsing file /apps/users/pulsar/skylake/software/tempo2/0759584/clock/ced2gps.clk: Entry 54140 out of order 54195.000000 < 54559.996094
[tabulatedfunction.C:84] Warning: Error parsing file /apps/users/pulsar/skylake/software/tempo2/0759584/clock/ced2gps.clk: Entry 54717 out of order 54196.000000 < 54560.996094
[tabulatedfunction.C:84] Warning: Error parsing file /apps/users/pulsar/skylake/software/tempo2/0759584/clock/ced2gps.clk: Entry 55294 out of order 54197.000000 < 54561.996094
[tabulatedfunction.C:84] Warning: Error parsing file /apps/users/pulsar/skylake/software/tempo2/0759584/clock/ced2gps.clk: Entry 55871 out of order 54198.000000 < 54562.996094
[tabulatedfunction.C:84] Warning: Error parsing file /apps/users/pulsar/skylake/software/tempo2/0759584/clock/ced2gps.clk: Entry 56448 out of order 54199.000000 < 54563.996094
[tabulatedfunction.C:84] Warning: Error parsing file /apps/users/pulsar/skylake/software/tempo2/0759584/clock/ced2gps.clk: Entry 57025 out of order 54200.000000 < 54564.996094
[tabulatedfunction.C:84] Warning: Error parsing file /apps/users/pulsar/skylake/software/tempo2/0759584/clock/ced2gps.clk: Entry 57602 out of order 54201.000000 < 54565.996094
[tabulatedfunction.C:84] Warning: Error parsing file /apps/users/pulsar/skylake/software/tempo2/0759584/clock/ced2gps.clk: Entry 58179 out of order 54202.000000 < 54566.996094
[tabulatedfunction.C:84] Warning: Error parsing file /apps/users/pulsar/skylake/software/tempo2/0759584/clock/ced2gps.clk: Entry 58756 out of order 54203.000000 < 54567.996094
[tabulatedfunction.C:84] Warning: Error parsing file /apps/users/pulsar/skylake/software/tempo2/0759584/clock/ced2gps.clk: Entry 59333 out of order 54204.000000 < 54568.996094
[tabulatedfunction.C:84] Warning: Error parsing file /apps/users/pulsar/skylake/software/tempo2/0759584/clock/ced2gps.clk: Entry 59910 out of order 54205.000000 < 54569.996094
[tabulatedfunction.C:84] Warning: Error parsing file /apps/users/pulsar/skylake/software/tempo2/0759584/clock/ced2gps.clk: Entry 60487 out of order 54206.000000 < 54570.996094
[tabulatedfunction.C:84] Warning: Error parsing file /apps/users/pulsar/skylake/software/tempo2/0759584/clock/ced2gps.clk: Entry 61064 out of order 54207.000000 < 54571.996094
[tabulatedfunction.C:84] Warning: Error parsing file /apps/users/pulsar/skylake/software/tempo2/0759584/clock/ced2gps.clk: Entry 61641 out of order 54208.000000 < 54572.996094
[tabulatedfunction.C:84] Warning: Error parsing file /apps/users/pulsar/skylake/software/tempo2/0759584/clock/ced2gps.clk: Entry 62218 out of order 54209.000000 < 54573.996094
[tabulatedfunction.C:84] Warning: Error parsing file /apps/users/pulsar/skylake/software/tempo2/0759584/clock/ced2gps.clk: Entry 62795 out of order 54210.000000 < 54574.996094
[tabulatedfunction.C:84] Warning: Error parsing file /apps/users/pulsar/skylake/software/tempo2/0759584/clock/ced2gps.clk: Entry 63372 out of order 54211.000000 < 54575.996094
[tabulatedfunction.C:84] Warning: Error parsing file /apps/users/pulsar/skylake/software/tempo2/0759584/clock/ced2gps.clk: Entry 63949 out of order 54212.000000 < 54576.996094
[tabulatedfunction.C:84] Warning: Error parsing file /apps/users/pulsar/skylake/software/tempo2/0759584/clock/ced2gps.clk: Entry 64526 out of order 54213.000000 < 54577.996094
[tabulatedfunction.C:84] Warning: Error parsing file /apps/users/pulsar/skylake/software/tempo2/0759584/clock/ced2gps.clk: Entry 65103 out of order 54214.000000 < 54578.996094
[tabulatedfunction.C:84] Warning: Error parsing file /apps/users/pulsar/skylake/software/tempo2/0759584/clock/ced2gps.clk: Entry 65680 out of order 54215.000000 < 54579.996094
[tabulatedfunction.C:84] Warning: Error parsing file /apps/users/pulsar/skylake/software/tempo2/0759584/clock/ced2gps.clk: Entry 66257 out of order 54216.000000 < 54580.996094
[tabulatedfunction.C:84] Warning: Error parsing file /apps/users/pulsar/skylake/software/tempo2/0759584/clock/ced2gps.clk: Entry 66834 out of order 54217.000000 < 54581.996094
[tabulatedfunction.C:84] Warning: Error parsing file /apps/users/pulsar/skylake/software/tempo2/0759584/clock/ced2gps.clk: Entry 67411 out of order 54218.000000 < 54582.996094
[tabulatedfunction.C:84] Warning: Error parsing file /apps/users/pulsar/skylake/software/tempo2/0759584/clock/ced2gps.clk: Entry 67988 out of order 54219.000000 < 54583.996094
[tabulatedfunction.C:84] Warning: Error parsing file /apps/users/pulsar/skylake/software/tempo2/0759584/clock/ced2gps.clk: Entry 68565 out of order 54220.000000 < 54584.996094
[tabulatedfunction.C:84] Warning: Error parsing file /apps/users/pulsar/skylake/software/tempo2/0759584/clock/ced2gps.clk: Entry 69142 out of order 54221.000000 < 54585.996094
[tabulatedfunction.C:84] Warning: Error parsing file /apps/users/pulsar/skylake/software/tempo2/0759584/clock/ced2gps.clk: Entry 69719 out of order 54222.000000 < 54586.996094
[tabulatedfunction.C:84] Warning: Error parsing file /apps/users/pulsar/skylake/software/tempo2/0759584/clock/ced2gps.clk: Entry 70296 out of order 54223.000000 < 54587.996094
[tabulatedfunction.C:84] Warning: Error parsing file /apps/users/pulsar/skylake/software/tempo2/0759584/clock/ced2gps.clk: Entry 70873 out of order 54224.000000 < 54588.996094
[tabulatedfunction.C:84] Warning: Error parsing file /apps/users/pulsar/skylake/software/tempo2/0759584/clock/ced2gps.clk: Entry 71450 out of order 54225.000000 < 54589.996094
[tabulatedfunction.C:84] Warning: Error parsing file /apps/users/pulsar/skylake/software/tempo2/0759584/clock/ced2gps.clk: Entry 72027 out of order 54226.000000 < 54590.996094
[tabulatedfunction.C:84] Warning: Error parsing file /apps/users/pulsar/skylake/software/tempo2/0759584/clock/ced2gps.clk: Entry 72604 out of order 54227.000000 < 54591.996094
[tabulatedfunction.C:84] Warning: Error parsing file /apps/users/pulsar/skylake/software/tempo2/0759584/clock/ced2gps.clk: Entry 73181 out of order 54228.000000 < 54592.996094
[tabulatedfunction.C:84] Warning: Error parsing file /apps/users/pulsar/skylake/software/tempo2/0759584/clock/ced2gps.clk: Entry 73758 out of order 54229.000000 < 54593.996094
[tabulatedfunction.C:84] Warning: Error parsing file /apps/users/pulsar/skylake/software/tempo2/0759584/clock/ced2gps.clk: Entry 74335 out of order 54230.000000 < 54594.996094
[tabulatedfunction.C:84] Warning: Error parsing file /apps/users/pulsar/skylake/software/tempo2/0759584/clock/ced2gps.clk: Entry 74912 out of order 54231.000000 < 54595.996094
[tabulatedfunction.C:84] Warning: Error parsing file /apps/users/pulsar/skylake/software/tempo2/0759584/clock/ced2gps.clk: Entry 75489 out of order 54232.000000 < 54596.996094
[tabulatedfunction.C:84] Warning: Error parsing file /apps/users/pulsar/skylake/software/tempo2/0759584/clock/ced2gps.clk: Entry 76066 out of order 54233.000000 < 54597.996094
[tabulatedfunction.C:84] Warning: Error parsing file /apps/users/pulsar/skylake/software/tempo2/0759584/clock/ced2gps.clk: Entry 76643 out of order 54234.000000 < 54598.996094
[tabulatedfunction.C:84] Warning: Error parsing file /apps/users/pulsar/skylake/software/tempo2/0759584/clock/ced2gps.clk: Entry 77220 out of order 54235.000000 < 54599.996094
[tabulatedfunction.C:84] Warning: Error parsing file /apps/users/pulsar/skylake/software/tempo2/0759584/clock/ced2gps.clk: Entry 77797 out of order 54236.000000 < 54600.996094
[tabulatedfunction.C:84] Warning: Error parsing file /apps/users/pulsar/skylake/software/tempo2/0759584/clock/ced2gps.clk: Entry 78374 out of order 54237.000000 < 54601.996094
[tabulatedfunction.C:84] Warning: Error parsing file /apps/users/pulsar/skylake/software/tempo2/0759584/clock/ced2gps.clk: Entry 78951 out of order 54238.000000 < 54602.996094
[tabulatedfunction.C:84] Warning: Error parsing file /apps/users/pulsar/skylake/software/tempo2/0759584/clock/ced2gps.clk: Entry 79528 out of order 54239.000000 < 54603.996094
[tabulatedfunction.C:84] Warning: Error parsing file /apps/users/pulsar/skylake/software/tempo2/0759584/clock/ced2gps.clk: Entry 80105 out of order 54240.000000 < 54604.996094
[tabulatedfunction.C:84] Warning: Error parsing file /apps/users/pulsar/skylake/software/tempo2/0759584/clock/ced2gps.clk: Entry 80682 out of order 54241.000000 < 54605.996094
[tabulatedfunction.C:84] Warning: Error parsing file /apps/users/pulsar/skylake/software/tempo2/0759584/clock/ced2gps.clk: Entry 81259 out of order 54242.000000 < 54606.996094
[tabulatedfunction.C:84] Warning: Error parsing file /apps/users/pulsar/skylake/software/tempo2/0759584/clock/ced2gps.clk: Entry 81836 out of order 54243.000000 < 54607.996094
[tabulatedfunction.C:84] Warning: Error parsing file /apps/users/pulsar/skylake/software/tempo2/0759584/clock/ced2gps.clk: Entry 82413 out of order 54244.000000 < 54608.996094
[tabulatedfunction.C:84] Warning: Error parsing file /apps/users/pulsar/skylake/software/tempo2/0759584/clock/ced2gps.clk: Entry 82990 out of order 54245.000000 < 54609.996094
[tabulatedfunction.C:84] Warning: Error parsing file /apps/users/pulsar/skylake/software/tempo2/0759584/clock/ced2gps.clk: Entry 83567 out of order 54246.000000 < 54610.996094
[tabulatedfunction.C:84] Warning: Error parsing file /apps/users/pulsar/skylake/software/tempo2/0759584/clock/ced2gps.clk: Entry 84144 out of order 54247.000000 < 54611.996094
[tabulatedfunction.C:84] Warning: Error parsing file /apps/users/pulsar/skylake/software/tempo2/0759584/clock/ced2gps.clk: Entry 84721 out of order 54248.000000 < 54612.996094
[tabulatedfunction.C:84] Warning: Error parsing file /apps/users/pulsar/skylake/software/tempo2/0759584/clock/ced2gps.clk: Entry 85298 out of order 54249.000000 < 54613.996094
[tabulatedfunction.C:84] Warning: Error parsing file /apps/users/pulsar/skylake/software/tempo2/0759584/clock/ced2gps.clk: Entry 85875 out of order 54250.000000 < 54614.996094
[tabulatedfunction.C:84] Warning: Error parsing file /apps/users/pulsar/skylake/software/tempo2/0759584/clock/ced2gps.clk: Entry 86452 out of order 54251.000000 < 54615.996094
[tabulatedfunction.C:84] Warning: Error parsing file /apps/users/pulsar/skylake/software/tempo2/0759584/clock/ced2gps.clk: Entry 87029 out of order 54252.000000 < 54616.996094
[tabulatedfunction.C:84] Warning: Error parsing file /apps/users/pulsar/skylake/software/tempo2/0759584/clock/ced2gps.clk: Entry 87605 out of order 54253.000000 < 54617.996094
[tabulatedfunction.C:84] Warning: Error parsing file /apps/users/pulsar/skylake/software/tempo2/0759584/clock/ced2gps.clk: Entry 88182 out of order 54254.000000 < 54618.996094
[tabulatedfunction.C:84] Warning: Error parsing file /apps/users/pulsar/skylake/software/tempo2/0759584/clock/ced2gps.clk: Entry 88759 out of order 54255.000000 < 54619.996094
[tabulatedfunction.C:84] Warning: Error parsing file /apps/users/pulsar/skylake/software/tempo2/0759584/clock/ced2gps.clk: Entry 89336 out of order 54256.000000 < 54620.996094
[tabulatedfunction.C:84] Warning: Error parsing file /apps/users/pulsar/skylake/software/tempo2/0759584/clock/ced2gps.clk: Entry 89913 out of order 54257.000000 < 54621.996094
[tabulatedfunction.C:84] Warning: Error parsing file /apps/users/pulsar/skylake/software/tempo2/0759584/clock/ced2gps.clk: Entry 90490 out of order 54258.000000 < 54622.996094
[tabulatedfunction.C:84] Warning: Error parsing file /apps/users/pulsar/skylake/software/tempo2/0759584/clock/ced2gps.clk: Entry 91067 out of order 54259.000000 < 54623.996094
[tabulatedfunction.C:84] Warning: Error parsing file /apps/users/pulsar/skylake/software/tempo2/0759584/clock/ced2gps.clk: Entry 91644 out of order 54260.000000 < 54624.996094
[tabulatedfunction.C:84] Warning: Error parsing file /apps/users/pulsar/skylake/software/tempo2/0759584/clock/ced2gps.clk: Entry 92221 out of order 54261.000000 < 54625.996094
[tabulatedfunction.C:84] Warning: Error parsing file /apps/users/pulsar/skylake/software/tempo2/0759584/clock/ced2gps.clk: Entry 92798 out of order 54262.000000 < 54626.996094
[tabulatedfunction.C:84] Warning: Error parsing file /apps/users/pulsar/skylake/software/tempo2/0759584/clock/ced2gps.clk: Entry 93375 out of order 54263.000000 < 54627.996094
[tabulatedfunction.C:84] Warning: Error parsing file /apps/users/pulsar/skylake/software/tempo2/0759584/clock/ced2gps.clk: Entry 93952 out of order 54264.000000 < 54628.996094
[tabulatedfunction.C:84] Warning: Error parsing file /apps/users/pulsar/skylake/software/tempo2/0759584/clock/ced2gps.clk: Entry 94529 out of order 54265.000000 < 54629.996094
[tabulatedfunction.C:84] Warning: Error parsing file /apps/users/pulsar/skylake/software/tempo2/0759584/clock/ced2gps.clk: Entry 95106 out of order 54266.000000 < 54630.996094
[tabulatedfunction.C:84] Warning: Error parsing file /apps/users/pulsar/skylake/software/tempo2/0759584/clock/ced2gps.clk: Entry 95683 out of order 54267.000000 < 54631.996094
[tabulatedfunction.C:84] Warning: Error parsing file /apps/users/pulsar/skylake/software/tempo2/0759584/clock/ced2gps.clk: Entry 96260 out of order 54268.000000 < 54632.996094
[tabulatedfunction.C:84] Warning: Error parsing file /apps/users/pulsar/skylake/software/tempo2/0759584/clock/ced2gps.clk: Entry 96837 out of order 54269.000000 < 54633.996094
[tabulatedfunction.C:84] Warning: Error parsing file /apps/users/pulsar/skylake/software/tempo2/0759584/clock/ced2gps.clk: Entry 97414 out of order 54270.000000 < 54634.996094
[tabulatedfunction.C:84] Warning: Error parsing file /apps/users/pulsar/skylake/software/tempo2/0759584/clock/ced2gps.clk: Entry 97991 out of order 54271.000000 < 54635.996094
[tabulatedfunction.C:84] Warning: Error parsing file /apps/users/pulsar/skylake/software/tempo2/0759584/clock/ced2gps.clk: Entry 98568 out of order 54272.000000 < 54636.996094
[tabulatedfunction.C:84] Warning: Error parsing file /apps/users/pulsar/skylake/software/tempo2/0759584/clock/ced2gps.clk: Entry 99145 out of order 54273.000000 < 54637.996094
[tabulatedfunction.C:84] Warning: Error parsing file /apps/users/pulsar/skylake/software/tempo2/0759584/clock/ced2gps.clk: Entry 99722 out of order 54274.000000 < 54638.996094
[tabulatedfunction.C:84] Warning: Error parsing file /apps/users/pulsar/skylake/software/tempo2/0759584/clock/ced2gps.clk: Entry 100299 out of order 54275.000000 < 54639.996094
[tabulatedfunction.C:84] Warning: Error parsing file /apps/users/pulsar/skylake/software/tempo2/0759584/clock/ced2gps.clk: Entry 100876 out of order 54276.000000 < 54640.996094
[tabulatedfunction.C:84] Warning: Error parsing file /apps/users/pulsar/skylake/software/tempo2/0759584/clock/ced2gps.clk: Entry 101453 out of order 54277.000000 < 54641.996094
[tabulatedfunction.C:84] Warning: Error parsing file /apps/users/pulsar/skylake/software/tempo2/0759584/clock/ced2gps.clk: Entry 102030 out of order 54278.000000 < 54642.996094
[tabulatedfunction.C:84] Warning: Error parsing file /apps/users/pulsar/skylake/software/tempo2/0759584/clock/ced2gps.clk: Entry 102607 out of order 54279.000000 < 54643.996094
[tabulatedfunction.C:84] Warning: Error parsing file /apps/users/pulsar/skylake/software/tempo2/0759584/clock/ced2gps.clk: Entry 103184 out of order 54280.000000 < 54644.996094
[tabulatedfunction.C:84] Warning: Error parsing file /apps/users/pulsar/skylake/software/tempo2/0759584/clock/ced2gps.clk: Entry 103761 out of order 54281.000000 < 54645.996094
[tabulatedfunction.C:84] Warning: Error parsing file /apps/users/pulsar/skylake/software/tempo2/0759584/clock/ced2gps.clk: Entry 104338 out of order 54282.000000 < 54646.996094
[tabulatedfunction.C:84] Warning: Error parsing file /apps/users/pulsar/skylake/software/tempo2/0759584/clock/ced2gps.clk: Entry 104915 out of order 54283.000000 < 54647.996094
[tabulatedfunction.C:84] Warning: Error parsing file /apps/users/pulsar/skylake/software/tempo2/0759584/clock/ced2gps.clk: Entry 105492 out of order 54284.000000 < 54648.996094
[tabulatedfunction.C:84] Warning: Error parsing file /apps/users/pulsar/skylake/software/tempo2/0759584/clock/ced2gps.clk: Entry 106069 out of order 54285.000000 < 54649.996094
[tabulatedfunction.C:84] Warning: Error parsing file /apps/users/pulsar/skylake/software/tempo2/0759584/clock/ced2gps.clk: Entry 106646 out of order 54286.000000 < 54650.996094
[tabulatedfunction.C:84] Warning: Error parsing file /apps/users/pulsar/skylake/software/tempo2/0759584/clock/ced2gps.clk: Entry 107223 out of order 54287.000000 < 54651.996094
[tabulatedfunction.C:84] Warning: Error parsing file /apps/users/pulsar/skylake/software/tempo2/0759584/clock/ced2gps.clk: Entry 107800 out of order 54288.000000 < 54652.996094
[tabulatedfunction.C:84] Warning: Error parsing file /apps/users/pulsar/skylake/software/tempo2/0759584/clock/ced2gps.clk: Entry 108377 out of order 54289.000000 < 54653.996094
[tabulatedfunction.C:84] Warning: Error parsing file /apps/users/pulsar/skylake/software/tempo2/0759584/clock/ced2gps.clk: Entry 108954 out of order 54290.000000 < 54654.996094
[tabulatedfunction.C:84] Warning: Error parsing file /apps/users/pulsar/skylake/software/tempo2/0759584/clock/ced2gps.clk: Entry 109531 out of order 54291.000000 < 54655.996094
[tabulatedfunction.C:84] Warning: Error parsing file /apps/users/pulsar/skylake/software/tempo2/0759584/clock/ced2gps.clk: Entry 110108 out of order 54292.000000 < 54656.996094
[tabulatedfunction.C:84] Warning: Error parsing file /apps/users/pulsar/skylake/software/tempo2/0759584/clock/ced2gps.clk: Entry 110685 out of order 54293.000000 < 54657.996094
[tabulatedfunction.C:84] Warning: Error parsing file /apps/users/pulsar/skylake/software/tempo2/0759584/clock/ced2gps.clk: Entry 111262 out of order 54294.000000 < 54658.996094
[tabulatedfunction.C:84] Warning: Error parsing file /apps/users/pulsar/skylake/software/tempo2/0759584/clock/ced2gps.clk: Entry 111839 out of order 54295.000000 < 54659.996094
[tabulatedfunction.C:84] Warning: Error parsing file /apps/users/pulsar/skylake/software/tempo2/0759584/clock/ced2gps.clk: Entry 112416 out of order 54296.000000 < 54660.996094
[tabulatedfunction.C:84] Warning: Error parsing file /apps/users/pulsar/skylake/software/tempo2/0759584/clock/ced2gps.clk: Entry 112993 out of order 54297.000000 < 54661.996094
[tabulatedfunction.C:84] Warning: Error parsing file /apps/users/pulsar/skylake/software/tempo2/0759584/clock/ced2gps.clk: Entry 113570 out of order 54298.000000 < 54662.996094
[tabulatedfunction.C:84] Warning: Error parsing file /apps/users/pulsar/skylake/software/tempo2/0759584/clock/ced2gps.clk: Entry 114147 out of order 54299.000000 < 54663.996094
[tabulatedfunction.C:84] Warning: Error parsing file /apps/users/pulsar/skylake/software/tempo2/0759584/clock/ced2gps.clk: Entry 114724 out of order 54300.000000 < 54664.996094
[tabulatedfunction.C:84] Warning: Error parsing file /apps/users/pulsar/skylake/software/tempo2/0759584/clock/gb1402nist.clk: Entry 1487 out of order 51209.500000 < 51210.500000
[tabulatedfunction.C:84] Warning: Error parsing file /apps/users/pulsar/skylake/software/tempo2/0759584/clock/jb2gps.clk: Entry 73322 out of order 57072.505451 < 57082.833333
[tabulatedfunction.C:84] Warning: Error parsing file /apps/users/pulsar/skylake/software/tempo2/0759584/clock/jb2gps.clk: Entry 76559 out of order 57223.652465 < 57238.000000
[tabulatedfunction.C:84] Warning: Error parsing file /apps/users/pulsar/skylake/software/tempo2/0759584/clock/jb2gps.clk: Entry 77921 out of order 57275.630845 < 57296.291667
[tabulatedfunction.C:84] Warning: Error parsing file /apps/users/pulsar/skylake/software/tempo2/0759584/clock/jb2gps.clk: Entry 79368 out of order 57347.794815 < 57358.333333
[tabulatedfunction.C:84] Warning: Error parsing file /apps/users/pulsar/skylake/software/tempo2/0759584/clock/jb2gps.clk: Entry 82957 out of order 57491.750440 < 57509.875000
[tabulatedfunction.C:84] Warning: Error parsing file /apps/users/pulsar/skylake/software/tempo2/0759584/clock/jb2gps.clk: Entry 92304 out of order 57891.041667 < 57908.500000
[tabulatedfunction.C:84] Warning: Error parsing file /apps/users/pulsar/skylake/software/tempo2/0759584/clock/mo2gps.clk: Entry 125 out of order 58105.999999 < 58107.000000
WARNING: Could not find pulsar distance for PSR J0125-2327. Setting value to 1 with 20% uncertainty.
[tempo2Util.C:401] Warning: [DUP1] duplicated warnings have been suppressed.
WARNING: Could not find pulsar distance for PSR J0614-3329. Setting value to 1 with 20% uncertainty.
WARNING: Could not find pulsar distance for PSR J0900-3144. Setting value to 1 with 20% uncertainty.
WARNING: Could not find pulsar distance for PSR J1017-7156. Setting value to 1 with 20% uncertainty.
WARNING: Could not find pulsar distance for PSR J1125-6014. Setting value to 1 with 20% uncertainty.
WARNING: Could not find pulsar distance for PSR J1446-4701. Setting value to 1 with 20% uncertainty.
WARNING: Could not find pulsar distance for PSR J1545-4550. Setting value to 1 with 20% uncertainty.
WARNING: Could not find pulsar distance for PSR J1832-0836. Setting value to 1 with 20% uncertainty.
WARNING: Could not find pulsar distance for PSR J1902-5105. Setting value to 1 with 20% uncertainty.
WARNING: Could not find pulsar distance for PSR J1933-6211. Setting value to 1 with 20% uncertainty.
WARNING: Could not find pulsar distance for PSR J2241-5236. Setting value to 1 with 20% uncertainty.
/home/vdimarco/.conda/envs/ent15y/lib/python3.9/site-packages/enterprise_extensions/frequentist/optimal_statistic.py:113: UserWarning: gw_log10_A is not included in the parameter dictionary. Drawing a random value.
9.747576851390848e-32 6.926690511454324e-31 0.1407248791507541
